INFO:root:Game started
INFO:root:field is 
.D.P......
C.........
..........
..........
..........
.....P....
..........
..........
..........
..........

INFO:root:actor <world.actors.player.Player object at 0x7f8ba46708e0> moved from x = 5 y = 5	 to x = 4 y = 5	
INFO:root:actor <world.actors.player.Player object at 0x7f8ba4670940> moved from x = 0 y = 3	 to x = 1 y = 3	
INFO:root:actor <world.actors.cat.Cat object at 0x7f8ba46709a0> moved from x = 1 y = 0	 to x = 2 y = 0	
INFO:root:actor <world.actors.cat.Cat object at 0x7f8ba46709a0> moved from x = 2 y = 0	 to x = 1 y = 0	
INFO:root:field is 
.D........
C..P......
..........
..........
.....P....
..........
..........
..........
..........
..........

INFO:root:actor <world.actors.player.Player object at 0x7f8ba46708e0> moved from x = 4 y = 5	 to x = 3 y = 5	
INFO:root:actor <world.actors.player.Player object at 0x7f8ba4670940> moved from x = 1 y = 3	 to x = 2 y = 3	
INFO:root:actor <world.actors.cat.Cat object at 0x7f8ba46709a0> moved from x = 1 y = 0	 to x = 0 y = 0	
INFO:root:field is 
CD........
..........
...P......
.....P....
..........
..........
..........
..........
..........
..........

